{"/home/slava/www/2Plishkin/silverstripe/htdocs/themes/app/App.tsx": {"path":"/home/slava/www/2Plishkin/silverstripe/htdocs/themes/app/App.tsx","statementMap":{"0":{"start":{"line":9,"column":34},"end":{"line":9,"column":66}},"1":{"start":{"line":11,"column":4},"end":{"line":21,"column":11}},"2":{"start":{"line":12,"column":8},"end":{"line":20,"column":11}},"3":{"start":{"line":13,"column":12},"end":{"line":19,"column":13}},"4":{"start":{"line":14,"column":32},"end":{"line":14,"column":63}},"5":{"start":{"line":15,"column":32},"end":{"line":15,"column":51}},"6":{"start":{"line":16,"column":16},"end":{"line":16,"column":73}},"7":{"start":{"line":18,"column":16},"end":{"line":18,"column":43}},"8":{"start":{"line":23,"column":4},"end":{"line":33,"column":6}},"9":{"start":{"line":36,"column":19},"end":{"line":43,"column":2}}},"fnMap":{"0":{"name":"App","decl":{"start":{"line":7,"column":24},"end":{"line":7,"column":27}},"loc":{"start":{"line":7,"column":30},"end":{"line":34,"column":1}},"line":7},"1":{"name":"(anonymous_1)","decl":{"start":{"line":11,"column":14},"end":{"line":11,"column":15}},"loc":{"start":{"line":11,"column":20},"end":{"line":21,"column":5}},"line":11},"2":{"name":"(anonymous_2)","decl":{"start":{"line":12,"column":52},"end":{"line":12,"column":53}},"loc":{"start":{"line":12,"column":80},"end":{"line":20,"column":9}},"line":12}},"branchMap":{"0":{"loc":{"start":{"line":13,"column":12},"end":{"line":19,"column":13}},"type":"if","locations":[{"start":{"line":13,"column":12},"end":{"line":19,"column":13}},{"start":{"line":17,"column":19},"end":{"line":19,"column":13}}],"line":13}},"s":{"0":1,"1":1,"2":0,"3":0,"4":0,"5":0,"6":0,"7":0,"8":1,"9":1},"f":{"0":1,"1":0,"2":0},"b":{"0":[0,0]},"_coverageSchema":"1a1c01bbd47fc00a2c39e90264f33305004495a9","hash":"3de3052dabc30d557457b4c973388a66a5201d46"}
,"/home/slava/www/2Plishkin/silverstripe/htdocs/themes/app/components/api/Api.tsx": {"path":"/home/slava/www/2Plishkin/silverstripe/htdocs/themes/app/components/api/Api.tsx","statementMap":{"0":{"start":{"line":10,"column":21},"end":{"line":17,"column":1}},"1":{"start":{"line":11,"column":17},"end":{"line":11,"column":34}},"2":{"start":{"line":12,"column":4},"end":{"line":16,"column":7}},"3":{"start":{"line":19,"column":13},"end":{"line":19,"column":34}},"4":{"start":{"line":22,"column":12},"end":{"line":32,"column":1}},"5":{"start":{"line":24,"column":8},"end":{"line":24,"column":37}},"6":{"start":{"line":25,"column":24},"end":{"line":25,"column":50}},"7":{"start":{"line":26,"column":8},"end":{"line":26,"column":50}},"8":{"start":{"line":26,"column":29},"end":{"line":26,"column":49}},"9":{"start":{"line":27,"column":8},"end":{"line":30,"column":9}},"10":{"start":{"line":28,"column":25},"end":{"line":28,"column":58}},"11":{"start":{"line":29,"column":12},"end":{"line":29,"column":27}}},"fnMap":{"0":{"name":"(anonymous_0)","decl":{"start":{"line":10,"column":21},"end":{"line":10,"column":22}},"loc":{"start":{"line":10,"column":51},"end":{"line":17,"column":1}},"line":10},"1":{"name":"(anonymous_1)","decl":{"start":{"line":23,"column":10},"end":{"line":23,"column":11}},"loc":{"start":{"line":23,"column":71},"end":{"line":31,"column":5}},"line":23},"2":{"name":"(anonymous_2)","decl":{"start":{"line":26,"column":24},"end":{"line":26,"column":25}},"loc":{"start":{"line":26,"column":29},"end":{"line":26,"column":49}},"line":26},"3":{"name":"(anonymous_3)","decl":{"start":{"line":27,"column":27},"end":{"line":27,"column":28}},"loc":{"start":{"line":27,"column":32},"end":{"line":30,"column":9}},"line":27}},"branchMap":{},"s":{"0":1,"1":0,"2":0,"3":1,"4":1,"5":0,"6":0,"7":0,"8":0,"9":0,"10":0,"11":0},"f":{"0":0,"1":0,"2":0,"3":0},"b":{},"_coverageSchema":"1a1c01bbd47fc00a2c39e90264f33305004495a9","hash":"48fc2aa16ebda4751c08f340da43f4dba11db37b"}
,"/home/slava/www/2Plishkin/silverstripe/htdocs/themes/app/components/models/IWsMessage.tsx": {"path":"/home/slava/www/2Plishkin/silverstripe/htdocs/themes/app/components/models/IWsMessage.tsx","statementMap":{},"fnMap":{},"branchMap":{},"s":{},"f":{},"b":{}}
,"/home/slava/www/2Plishkin/silverstripe/htdocs/themes/app/components/models/IWsResponse.tsx": {"path":"/home/slava/www/2Plishkin/silverstripe/htdocs/themes/app/components/models/IWsResponse.tsx","statementMap":{},"fnMap":{},"branchMap":{},"s":{},"f":{},"b":{}}
,"/home/slava/www/2Plishkin/silverstripe/htdocs/themes/app/components/models/IWsTimerResponse.tsx": {"path":"/home/slava/www/2Plishkin/silverstripe/htdocs/themes/app/components/models/IWsTimerResponse.tsx","statementMap":{},"fnMap":{},"branchMap":{},"s":{},"f":{},"b":{}}
}
