TN:
SF:App.tsx
FN:7,App
FN:11,(anonymous_1)
FN:12,(anonymous_2)
FNF:3
FNH:1
FNDA:1,App
FNDA:0,(anonymous_1)
FNDA:0,(anonymous_2)
DA:9,1
DA:11,1
DA:12,0
DA:13,0
DA:14,0
DA:15,0
DA:16,0
DA:18,0
DA:23,1
DA:36,1
LF:10
LH:4
BRDA:13,0,0,0
BRDA:13,0,1,0
BRF:2
BRH:0
end_of_record
TN:
SF:components/api/Api.tsx
FN:10,(anonymous_0)
FN:23,(anonymous_1)
FN:26,(anonymous_2)
FN:27,(anonymous_3)
FNF:4
FNH:0
FNDA:0,(anonymous_0)
FNDA:0,(anonymous_1)
FNDA:0,(anonymous_2)
FNDA:0,(anonymous_3)
DA:10,1
DA:11,0
DA:12,0
DA:19,1
DA:22,1
DA:24,0
DA:25,0
DA:26,0
DA:27,0
DA:28,0
DA:29,0
LF:11
LH:3
BRF:0
BRH:0
end_of_record
TN:
SF:components/models/IWsMessage.tsx
FNF:0
FNH:0
LF:0
LH:0
BRF:0
BRH:0
end_of_record
TN:
SF:components/models/IWsResponse.tsx
FNF:0
FNH:0
LF:0
LH:0
BRF:0
BRH:0
end_of_record
TN:
SF:components/models/IWsTimerResponse.tsx
FNF:0
FNH:0
LF:0
LH:0
BRF:0
BRH:0
end_of_record
